INFO - 2023-07-16 14:51:23 --> Session: Class initialized using 'CodeIgniter\Session\Handlers\FileHandler' driver.
INFO - 2023-07-16 14:51:33 --> Session: Class initialized using 'CodeIgniter\Session\Handlers\FileHandler' driver.
INFO - 2023-07-16 14:51:44 --> Session: Class initialized using 'CodeIgniter\Session\Handlers\FileHandler' driver.
INFO - 2023-07-16 14:51:49 --> Session: Class initialized using 'CodeIgniter\Session\Handlers\FileHandler' driver.
INFO - 2023-07-16 14:52:13 --> Session: Class initialized using 'CodeIgniter\Session\Handlers\FileHandler' driver.
INFO - 2023-07-16 14:52:26 --> Session: Class initialized using 'CodeIgniter\Session\Handlers\FileHandler' driver.
INFO - 2023-07-16 15:03:36 --> Session: Class initialized using 'CodeIgniter\Session\Handlers\FileHandler' driver.
CRITICAL - 2023-07-16 15:03:36 --> Undefined variable $bookings
in APPPATH\Views\specificproduct.php on line 118.
 1 APPPATH\Views\specificproduct.php(118): CodeIgniter\Debug\Exceptions->errorHandler(2, 'Undefined variable $bookings', 'C:\\xampp\\htdocs\\https---github.com-HumphreyDulo-Kihanya-Mungai-CS1\\app\\Views\\specificproduct.php', 118)
 2 SYSTEMPATH\View\View.php(213): include('C:\\xampp\\htdocs\\https---github.com-HumphreyDulo-Kihanya-Mungai-CS1\\app\\Views\\specificproduct.php')
 3 SYSTEMPATH\View\View.php(216): CodeIgniter\View\View->CodeIgniter\View\{closure}()
 4 SYSTEMPATH\Common.php(1184): CodeIgniter\View\View->render('specificproduct', [], true)
 5 APPPATH\Controllers\ProductController.php(18): view('specificproduct', [...])
 6 SYSTEMPATH\CodeIgniter.php(934): App\Controllers\ProductController->show('3')
 7 SYSTEMPATH\CodeIgniter.php(499): CodeIgniter\CodeIgniter->runController(Object(App\Controllers\ProductController))
 8 SYSTEMPATH\CodeIgniter.php(368): CodeIgniter\CodeIgniter->handleRequest(null, Object(Config\Cache), false)
 9 FCPATH\index.php(67): CodeIgniter\CodeIgniter->run()
10 SYSTEMPATH\Commands\Server\rewrite.php(47): require_once('C:\\xampp\\htdocs\\https---github.com-HumphreyDulo-Kihanya-Mungai-CS1\\public\\index.php')
CRITICAL - 2023-07-16 15:08:29 --> Undefined property: CodeIgniter\View\View::$db
in APPPATH\Views\specificproduct.php on line 6.
 1 APPPATH\Views\specificproduct.php(6): CodeIgniter\Debug\Exceptions->errorHandler(2, 'Undefined property: CodeIgniter\\View\\View::$db', 'C:\\xampp\\htdocs\\https---github.com-HumphreyDulo-Kihanya-Mungai-CS1\\app\\Views\\specificproduct.php', 6)
 2 SYSTEMPATH\View\View.php(213): include('C:\\xampp\\htdocs\\https---github.com-HumphreyDulo-Kihanya-Mungai-CS1\\app\\Views\\specificproduct.php')
 3 SYSTEMPATH\View\View.php(216): CodeIgniter\View\View->CodeIgniter\View\{closure}()
 4 SYSTEMPATH\Common.php(1184): CodeIgniter\View\View->render('specificproduct', [], true)
 5 APPPATH\Controllers\ProductController.php(18): view('specificproduct', [...])
 6 SYSTEMPATH\CodeIgniter.php(934): App\Controllers\ProductController->show('3')
 7 SYSTEMPATH\CodeIgniter.php(499): CodeIgniter\CodeIgniter->runController(Object(App\Controllers\ProductController))
 8 SYSTEMPATH\CodeIgniter.php(368): CodeIgniter\CodeIgniter->handleRequest(null, Object(Config\Cache), false)
 9 FCPATH\index.php(67): CodeIgniter\CodeIgniter->run()
10 SYSTEMPATH\Commands\Server\rewrite.php(47): require_once('C:\\xampp\\htdocs\\https---github.com-HumphreyDulo-Kihanya-Mungai-CS1\\public\\index.php')
ERROR - 2023-07-16 15:16:08 --> mysqli_sql_exception: Table 'home.bookings' doesn't exist in C:\xampp\htdocs\https---github.com-HumphreyDulo-Kihanya-Mungai-CS1\system\Database\MySQLi\Connection.php:295
Stack trace:
#0 C:\xampp\htdocs\https---github.com-HumphreyDulo-Kihanya-Mungai-CS1\system\Database\MySQLi\Connection.php(295): mysqli->query('SELECT *\nFROM `...', 0)
#1 C:\xampp\htdocs\https---github.com-HumphreyDulo-Kihanya-Mungai-CS1\system\Database\BaseConnection.php(692): CodeIgniter\Database\MySQLi\Connection->execute('SELECT *\nFROM `...')
#2 C:\xampp\htdocs\https---github.com-HumphreyDulo-Kihanya-Mungai-CS1\system\Database\BaseConnection.php(606): CodeIgniter\Database\BaseConnection->simpleQuery('SELECT *\nFROM `...')
#3 C:\xampp\htdocs\https---github.com-HumphreyDulo-Kihanya-Mungai-CS1\system\Database\BaseBuilder.php(1616): CodeIgniter\Database\BaseConnection->query('SELECT *\nFROM `...', Array, false)
#4 C:\xampp\htdocs\https---github.com-HumphreyDulo-Kihanya-Mungai-CS1\app\Controllers\ProductController.php(24): CodeIgniter\Database\BaseBuilder->get()
#5 C:\xampp\htdocs\https---github.com-HumphreyDulo-Kihanya-Mungai-CS1\system\CodeIgniter.php(934): App\Controllers\ProductController->show('3')
#6 C:\xampp\htdocs\https---github.com-HumphreyDulo-Kihanya-Mungai-CS1\system\CodeIgniter.php(499): CodeIgniter\CodeIgniter->runController(Object(App\Controllers\ProductController))
#7 C:\xampp\htdocs\https---github.com-HumphreyDulo-Kihanya-Mungai-CS1\system\CodeIgniter.php(368): CodeIgniter\CodeIgniter->handleRequest(NULL, Object(Config\Cache), false)
#8 C:\xampp\htdocs\https---github.com-HumphreyDulo-Kihanya-Mungai-CS1\public\index.php(67): CodeIgniter\CodeIgniter->run()
#9 C:\xampp\htdocs\https---github.com-HumphreyDulo-Kihanya-Mungai-CS1\system\Commands\Server\rewrite.php(47): require_once('C:\\xampp\\htdocs...')
#10 {main}
CRITICAL - 2023-07-16 15:16:08 --> Table 'home.bookings' doesn't exist
in SYSTEMPATH\Database\MySQLi\Connection.php on line 295.
 1 SYSTEMPATH\Database\MySQLi\Connection.php(295): mysqli->query('SELECT *
FROM `bookings`
WHERE `product_id` = \'3\'', 0)
 2 SYSTEMPATH\Database\BaseConnection.php(692): CodeIgniter\Database\MySQLi\Connection->execute('SELECT *
FROM `bookings`
WHERE `product_id` = \'3\'')
 3 SYSTEMPATH\Database\BaseConnection.php(606): CodeIgniter\Database\BaseConnection->simpleQuery('SELECT *
FROM `bookings`
WHERE `product_id` = \'3\'')
 4 SYSTEMPATH\Database\BaseBuilder.php(1616): CodeIgniter\Database\BaseConnection->query('SELECT *
FROM `bookings`
WHERE `product_id` = :product_id:', [...], false)
 5 APPPATH\Controllers\ProductController.php(24): CodeIgniter\Database\BaseBuilder->get()
 6 SYSTEMPATH\CodeIgniter.php(934): App\Controllers\ProductController->show('3')
 7 SYSTEMPATH\CodeIgniter.php(499): CodeIgniter\CodeIgniter->runController(Object(App\Controllers\ProductController))
 8 SYSTEMPATH\CodeIgniter.php(368): CodeIgniter\CodeIgniter->handleRequest(null, Object(Config\Cache), false)
 9 FCPATH\index.php(67): CodeIgniter\CodeIgniter->run()
10 SYSTEMPATH\Commands\Server\rewrite.php(47): require_once('C:\\xampp\\htdocs\\https---github.com-HumphreyDulo-Kihanya-Mungai-CS1\\public\\index.php')
INFO - 2023-07-16 15:19:08 --> Session: Class initialized using 'CodeIgniter\Session\Handlers\FileHandler' driver.
INFO - 2023-07-16 15:21:46 --> Session: Class initialized using 'CodeIgniter\Session\Handlers\FileHandler' driver.
INFO - 2023-07-16 15:21:52 --> Session: Class initialized using 'CodeIgniter\Session\Handlers\FileHandler' driver.
INFO - 2023-07-16 15:22:04 --> Session: Class initialized using 'CodeIgniter\Session\Handlers\FileHandler' driver.
INFO - 2023-07-16 15:22:04 --> Session: Class initialized using 'CodeIgniter\Session\Handlers\FileHandler' driver.
INFO - 2023-07-16 15:22:10 --> Session: Class initialized using 'CodeIgniter\Session\Handlers\FileHandler' driver.
INFO - 2023-07-16 15:23:18 --> Session: Class initialized using 'CodeIgniter\Session\Handlers\FileHandler' driver.
INFO - 2023-07-16 15:28:28 --> Session: Class initialized using 'CodeIgniter\Session\Handlers\FileHandler' driver.
INFO - 2023-07-16 15:30:30 --> Session: Class initialized using 'CodeIgniter\Session\Handlers\FileHandler' driver.
INFO - 2023-07-16 15:31:01 --> Session: Class initialized using 'CodeIgniter\Session\Handlers\FileHandler' driver.
INFO - 2023-07-16 15:31:02 --> Session: Class initialized using 'CodeIgniter\Session\Handlers\FileHandler' driver.
INFO - 2023-07-16 16:10:02 --> Session: Class initialized using 'CodeIgniter\Session\Handlers\FileHandler' driver.
INFO - 2023-07-16 16:11:05 --> Session: Class initialized using 'CodeIgniter\Session\Handlers\FileHandler' driver.
INFO - 2023-07-16 16:11:06 --> Session: Class initialized using 'CodeIgniter\Session\Handlers\FileHandler' driver.
INFO - 2023-07-16 16:11:09 --> Session: Class initialized using 'CodeIgniter\Session\Handlers\FileHandler' driver.
INFO - 2023-07-16 16:11:11 --> Session: Class initialized using 'CodeIgniter\Session\Handlers\FileHandler' driver.
INFO - 2023-07-16 16:13:10 --> Session: Class initialized using 'CodeIgniter\Session\Handlers\FileHandler' driver.
INFO - 2023-07-16 16:13:58 --> Session: Class initialized using 'CodeIgniter\Session\Handlers\FileHandler' driver.
INFO - 2023-07-16 16:13:58 --> Session: Class initialized using 'CodeIgniter\Session\Handlers\FileHandler' driver.
WARNING - 2023-07-16 18:22:32 --> [DEPRECATED] Creation of dynamic property App\Controllers\PaymentController::$mpesa is deprecated in APPPATH\Controllers\PaymentController.php on line 194.
 1 SYSTEMPATH\CodeIgniter.php(934): App\Controllers\PaymentController->Mprocess()
 2 SYSTEMPATH\CodeIgniter.php(499): CodeIgniter\CodeIgniter->runController(Object(App\Controllers\PaymentController))
 3 SYSTEMPATH\CodeIgniter.php(368): CodeIgniter\CodeIgniter->handleRequest(null, Object(Config\Cache), false)
 4 FCPATH\index.php(67): CodeIgniter\CodeIgniter->run()
 5 SYSTEMPATH\Commands\Server\rewrite.php(47): require_once('C:\\xampp\\htdocs\\https---github.com-HumphreyDulo-Kihanya-Mungai-CS1\\public\\index.php')
INFO - 2023-07-16 18:22:32 --> Session: Class initialized using 'CodeIgniter\Session\Handlers\FileHandler' driver.
CRITICAL - 2023-07-16 18:22:32 --> Call to a member function stkPushSimulation() on null
in APPPATH\Controllers\PaymentController.php on line 227.
 1 SYSTEMPATH\CodeIgniter.php(934): App\Controllers\PaymentController->Mprocess()
 2 SYSTEMPATH\CodeIgniter.php(499): CodeIgniter\CodeIgniter->runController(Object(App\Controllers\PaymentController))
 3 SYSTEMPATH\CodeIgniter.php(368): CodeIgniter\CodeIgniter->handleRequest(null, Object(Config\Cache), false)
 4 FCPATH\index.php(67): CodeIgniter\CodeIgniter->run()
 5 SYSTEMPATH\Commands\Server\rewrite.php(47): require_once('C:\\xampp\\htdocs\\https---github.com-HumphreyDulo-Kihanya-Mungai-CS1\\public\\index.php')
WARNING - 2023-07-16 18:49:09 --> [DEPRECATED] Creation of dynamic property App\Controllers\PaymentController::$mpesa is deprecated in APPPATH\Controllers\PaymentController.php on line 194.
 1 SYSTEMPATH\CodeIgniter.php(934): App\Controllers\PaymentController->Mprocess()
 2 SYSTEMPATH\CodeIgniter.php(499): CodeIgniter\CodeIgniter->runController(Object(App\Controllers\PaymentController))
 3 SYSTEMPATH\CodeIgniter.php(368): CodeIgniter\CodeIgniter->handleRequest(null, Object(Config\Cache), false)
 4 FCPATH\index.php(67): CodeIgniter\CodeIgniter->run()
 5 SYSTEMPATH\Commands\Server\rewrite.php(47): require_once('C:\\xampp\\htdocs\\https---github.com-HumphreyDulo-Kihanya-Mungai-CS1\\public\\index.php')
INFO - 2023-07-16 18:49:10 --> Session: Class initialized using 'CodeIgniter\Session\Handlers\FileHandler' driver.
CRITICAL - 2023-07-16 18:49:10 --> Call to a member function stkPushSimulation() on null
in APPPATH\Controllers\PaymentController.php on line 227.
 1 SYSTEMPATH\CodeIgniter.php(934): App\Controllers\PaymentController->Mprocess()
 2 SYSTEMPATH\CodeIgniter.php(499): CodeIgniter\CodeIgniter->runController(Object(App\Controllers\PaymentController))
 3 SYSTEMPATH\CodeIgniter.php(368): CodeIgniter\CodeIgniter->handleRequest(null, Object(Config\Cache), false)
 4 FCPATH\index.php(67): CodeIgniter\CodeIgniter->run()
 5 SYSTEMPATH\Commands\Server\rewrite.php(47): require_once('C:\\xampp\\htdocs\\https---github.com-HumphreyDulo-Kihanya-Mungai-CS1\\public\\index.php')
INFO - 2023-07-16 19:02:15 --> Session: Class initialized using 'CodeIgniter\Session\Handlers\FileHandler' driver.
INFO - 2023-07-16 19:07:06 --> Session: Class initialized using 'CodeIgniter\Session\Handlers\FileHandler' driver.
CRITICAL - 2023-07-16 19:07:09 --> Undefined variable $session
in APPPATH\Views\MpesaForm.php on line 9.
 1 APPPATH\Views\MpesaForm.php(9): CodeIgniter\Debug\Exceptions->errorHandler(2, 'Undefined variable $session', 'C:\\xampp\\htdocs\\https---github.com-HumphreyDulo-Kihanya-Mungai-CS1\\app\\Views\\MpesaForm.php', 9)
 2 SYSTEMPATH\View\View.php(213): include('C:\\xampp\\htdocs\\https---github.com-HumphreyDulo-Kihanya-Mungai-CS1\\app\\Views\\MpesaForm.php')
 3 SYSTEMPATH\View\View.php(216): CodeIgniter\View\View->CodeIgniter\View\{closure}()
 4 SYSTEMPATH\Common.php(1184): CodeIgniter\View\View->render('MpesaForm', [], true)
 5 APPPATH\Controllers\PaymentController.php(279): view('MpesaForm')
 6 SYSTEMPATH\CodeIgniter.php(934): App\Controllers\PaymentController->MPESA()
 7 SYSTEMPATH\CodeIgniter.php(499): CodeIgniter\CodeIgniter->runController(Object(App\Controllers\PaymentController))
 8 SYSTEMPATH\CodeIgniter.php(368): CodeIgniter\CodeIgniter->handleRequest(null, Object(Config\Cache), false)
 9 FCPATH\index.php(67): CodeIgniter\CodeIgniter->run()
10 SYSTEMPATH\Commands\Server\rewrite.php(47): require_once('C:\\xampp\\htdocs\\https---github.com-HumphreyDulo-Kihanya-Mungai-CS1\\public\\index.php')
CRITICAL - 2023-07-16 19:07:26 --> Undefined property: CodeIgniter\View\View::$session
in APPPATH\Views\MpesaForm.php on line 9.
 1 APPPATH\Views\MpesaForm.php(9): CodeIgniter\Debug\Exceptions->errorHandler(2, 'Undefined property: CodeIgniter\\View\\View::$session', 'C:\\xampp\\htdocs\\https---github.com-HumphreyDulo-Kihanya-Mungai-CS1\\app\\Views\\MpesaForm.php', 9)
 2 SYSTEMPATH\View\View.php(213): include('C:\\xampp\\htdocs\\https---github.com-HumphreyDulo-Kihanya-Mungai-CS1\\app\\Views\\MpesaForm.php')
 3 SYSTEMPATH\View\View.php(216): CodeIgniter\View\View->CodeIgniter\View\{closure}()
 4 SYSTEMPATH\Common.php(1184): CodeIgniter\View\View->render('MpesaForm', [], true)
 5 APPPATH\Controllers\PaymentController.php(279): view('MpesaForm')
 6 SYSTEMPATH\CodeIgniter.php(934): App\Controllers\PaymentController->MPESA()
 7 SYSTEMPATH\CodeIgniter.php(499): CodeIgniter\CodeIgniter->runController(Object(App\Controllers\PaymentController))
 8 SYSTEMPATH\CodeIgniter.php(368): CodeIgniter\CodeIgniter->handleRequest(null, Object(Config\Cache), false)
 9 FCPATH\index.php(67): CodeIgniter\CodeIgniter->run()
10 SYSTEMPATH\Commands\Server\rewrite.php(47): require_once('C:\\xampp\\htdocs\\https---github.com-HumphreyDulo-Kihanya-Mungai-CS1\\public\\index.php')
CRITICAL - 2023-07-16 19:08:07 --> Undefined variable $session
in APPPATH\Views\MpesaForm.php on line 9.
 1 APPPATH\Views\MpesaForm.php(9): CodeIgniter\Debug\Exceptions->errorHandler(2, 'Undefined variable $session', 'C:\\xampp\\htdocs\\https---github.com-HumphreyDulo-Kihanya-Mungai-CS1\\app\\Views\\MpesaForm.php', 9)
 2 SYSTEMPATH\View\View.php(213): include('C:\\xampp\\htdocs\\https---github.com-HumphreyDulo-Kihanya-Mungai-CS1\\app\\Views\\MpesaForm.php')
 3 SYSTEMPATH\View\View.php(216): CodeIgniter\View\View->CodeIgniter\View\{closure}()
 4 SYSTEMPATH\Common.php(1184): CodeIgniter\View\View->render('MpesaForm', [], true)
 5 APPPATH\Controllers\PaymentController.php(279): view('MpesaForm')
 6 SYSTEMPATH\CodeIgniter.php(934): App\Controllers\PaymentController->MPESA()
 7 SYSTEMPATH\CodeIgniter.php(499): CodeIgniter\CodeIgniter->runController(Object(App\Controllers\PaymentController))
 8 SYSTEMPATH\CodeIgniter.php(368): CodeIgniter\CodeIgniter->handleRequest(null, Object(Config\Cache), false)
 9 FCPATH\index.php(67): CodeIgniter\CodeIgniter->run()
10 SYSTEMPATH\Commands\Server\rewrite.php(47): require_once('C:\\xampp\\htdocs\\https---github.com-HumphreyDulo-Kihanya-Mungai-CS1\\public\\index.php')
CRITICAL - 2023-07-16 19:09:23 --> Undefined variable $session
in APPPATH\Views\MpesaForm.php on line 9.
 1 APPPATH\Views\MpesaForm.php(9): CodeIgniter\Debug\Exceptions->errorHandler(2, 'Undefined variable $session', 'C:\\xampp\\htdocs\\https---github.com-HumphreyDulo-Kihanya-Mungai-CS1\\app\\Views\\MpesaForm.php', 9)
 2 SYSTEMPATH\View\View.php(213): include('C:\\xampp\\htdocs\\https---github.com-HumphreyDulo-Kihanya-Mungai-CS1\\app\\Views\\MpesaForm.php')
 3 SYSTEMPATH\View\View.php(216): CodeIgniter\View\View->CodeIgniter\View\{closure}()
 4 SYSTEMPATH\Common.php(1184): CodeIgniter\View\View->render('MpesaForm', [], true)
 5 APPPATH\Controllers\PaymentController.php(279): view('MpesaForm')
 6 SYSTEMPATH\CodeIgniter.php(934): App\Controllers\PaymentController->MPESA()
 7 SYSTEMPATH\CodeIgniter.php(499): CodeIgniter\CodeIgniter->runController(Object(App\Controllers\PaymentController))
 8 SYSTEMPATH\CodeIgniter.php(368): CodeIgniter\CodeIgniter->handleRequest(null, Object(Config\Cache), false)
 9 FCPATH\index.php(67): CodeIgniter\CodeIgniter->run()
10 SYSTEMPATH\Commands\Server\rewrite.php(47): require_once('C:\\xampp\\htdocs\\https---github.com-HumphreyDulo-Kihanya-Mungai-CS1\\public\\index.php')
CRITICAL - 2023-07-16 19:09:24 --> Undefined variable $session
in APPPATH\Views\MpesaForm.php on line 9.
 1 APPPATH\Views\MpesaForm.php(9): CodeIgniter\Debug\Exceptions->errorHandler(2, 'Undefined variable $session', 'C:\\xampp\\htdocs\\https---github.com-HumphreyDulo-Kihanya-Mungai-CS1\\app\\Views\\MpesaForm.php', 9)
 2 SYSTEMPATH\View\View.php(213): include('C:\\xampp\\htdocs\\https---github.com-HumphreyDulo-Kihanya-Mungai-CS1\\app\\Views\\MpesaForm.php')
 3 SYSTEMPATH\View\View.php(216): CodeIgniter\View\View->CodeIgniter\View\{closure}()
 4 SYSTEMPATH\Common.php(1184): CodeIgniter\View\View->render('MpesaForm', [], true)
 5 APPPATH\Controllers\PaymentController.php(279): view('MpesaForm')
 6 SYSTEMPATH\CodeIgniter.php(934): App\Controllers\PaymentController->MPESA()
 7 SYSTEMPATH\CodeIgniter.php(499): CodeIgniter\CodeIgniter->runController(Object(App\Controllers\PaymentController))
 8 SYSTEMPATH\CodeIgniter.php(368): CodeIgniter\CodeIgniter->handleRequest(null, Object(Config\Cache), false)
 9 FCPATH\index.php(67): CodeIgniter\CodeIgniter->run()
10 SYSTEMPATH\Commands\Server\rewrite.php(47): require_once('C:\\xampp\\htdocs\\https---github.com-HumphreyDulo-Kihanya-Mungai-CS1\\public\\index.php')
INFO - 2023-07-16 19:19:42 --> Session: Class initialized using 'CodeIgniter\Session\Handlers\FileHandler' driver.
INFO - 2023-07-16 19:19:49 --> Session: Class initialized using 'CodeIgniter\Session\Handlers\FileHandler' driver.
INFO - 2023-07-16 19:19:53 --> Session: Class initialized using 'CodeIgniter\Session\Handlers\FileHandler' driver.
INFO - 2023-07-16 19:52:59 --> Session: Class initialized using 'CodeIgniter\Session\Handlers\FileHandler' driver.
INFO - 2023-07-16 19:53:06 --> Session: Class initialized using 'CodeIgniter\Session\Handlers\FileHandler' driver.
INFO - 2023-07-16 19:53:10 --> Session: Class initialized using 'CodeIgniter\Session\Handlers\FileHandler' driver.
INFO - 2023-07-16 19:58:27 --> Session: Class initialized using 'CodeIgniter\Session\Handlers\FileHandler' driver.
INFO - 2023-07-16 19:58:33 --> Session: Class initialized using 'CodeIgniter\Session\Handlers\FileHandler' driver.
INFO - 2023-07-16 19:58:35 --> Session: Class initialized using 'CodeIgniter\Session\Handlers\FileHandler' driver.
INFO - 2023-07-16 20:01:25 --> Session: Class initialized using 'CodeIgniter\Session\Handlers\FileHandler' driver.
INFO - 2023-07-16 20:01:27 --> Session: Class initialized using 'CodeIgniter\Session\Handlers\FileHandler' driver.
INFO - 2023-07-16 20:01:30 --> Session: Class initialized using 'CodeIgniter\Session\Handlers\FileHandler' driver.
INFO - 2023-07-16 20:33:23 --> Session: Class initialized using 'CodeIgniter\Session\Handlers\FileHandler' driver.
INFO - 2023-07-16 20:33:37 --> Session: Class initialized using 'CodeIgniter\Session\Handlers\FileHandler' driver.
INFO - 2023-07-16 20:37:53 --> Session: Class initialized using 'CodeIgniter\Session\Handlers\FileHandler' driver.
CRITICAL - 2023-07-16 20:37:53 --> Array to string conversion
in APPPATH\Views\MpesaForm.php on line 15.
 1 APPPATH\Views\MpesaForm.php(15): CodeIgniter\Debug\Exceptions->errorHandler(2, 'Array to string conversion', 'C:\\xampp\\htdocs\\https---github.com-HumphreyDulo-Kihanya-Mungai-CS1\\app\\Views\\MpesaForm.php', 15)
 2 SYSTEMPATH\View\View.php(213): include('C:\\xampp\\htdocs\\https---github.com-HumphreyDulo-Kihanya-Mungai-CS1\\app\\Views\\MpesaForm.php')
 3 SYSTEMPATH\View\View.php(216): CodeIgniter\View\View->CodeIgniter\View\{closure}()
 4 SYSTEMPATH\Common.php(1184): CodeIgniter\View\View->render('MpesaForm', [], true)
 5 APPPATH\Controllers\PaymentController.php(294): view('MpesaForm')
 6 SYSTEMPATH\CodeIgniter.php(934): App\Controllers\PaymentController->MPESA()
 7 SYSTEMPATH\CodeIgniter.php(499): CodeIgniter\CodeIgniter->runController(Object(App\Controllers\PaymentController))
 8 SYSTEMPATH\CodeIgniter.php(368): CodeIgniter\CodeIgniter->handleRequest(null, Object(Config\Cache), false)
 9 FCPATH\index.php(67): CodeIgniter\CodeIgniter->run()
10 SYSTEMPATH\Commands\Server\rewrite.php(47): require_once('C:\\xampp\\htdocs\\https---github.com-HumphreyDulo-Kihanya-Mungai-CS1\\public\\index.php')
INFO - 2023-07-16 20:37:58 --> Session: Class initialized using 'CodeIgniter\Session\Handlers\FileHandler' driver.
INFO - 2023-07-16 20:38:13 --> Session: Class initialized using 'CodeIgniter\Session\Handlers\FileHandler' driver.
INFO - 2023-07-16 20:44:41 --> Session: Class initialized using 'CodeIgniter\Session\Handlers\FileHandler' driver.
CRITICAL - 2023-07-16 20:44:41 --> Array to string conversion
in APPPATH\Views\MpesaForm.php on line 15.
 1 APPPATH\Views\MpesaForm.php(15): CodeIgniter\Debug\Exceptions->errorHandler(2, 'Array to string conversion', 'C:\\xampp\\htdocs\\https---github.com-HumphreyDulo-Kihanya-Mungai-CS1\\app\\Views\\MpesaForm.php', 15)
 2 SYSTEMPATH\View\View.php(213): include('C:\\xampp\\htdocs\\https---github.com-HumphreyDulo-Kihanya-Mungai-CS1\\app\\Views\\MpesaForm.php')
 3 SYSTEMPATH\View\View.php(216): CodeIgniter\View\View->CodeIgniter\View\{closure}()
 4 SYSTEMPATH\Common.php(1184): CodeIgniter\View\View->render('MpesaForm', [], true)
 5 APPPATH\Controllers\PaymentController.php(294): view('MpesaForm')
 6 SYSTEMPATH\CodeIgniter.php(934): App\Controllers\PaymentController->MPESA()
 7 SYSTEMPATH\CodeIgniter.php(499): CodeIgniter\CodeIgniter->runController(Object(App\Controllers\PaymentController))
 8 SYSTEMPATH\CodeIgniter.php(368): CodeIgniter\CodeIgniter->handleRequest(null, Object(Config\Cache), false)
 9 FCPATH\index.php(67): CodeIgniter\CodeIgniter->run()
10 SYSTEMPATH\Commands\Server\rewrite.php(47): require_once('C:\\xampp\\htdocs\\https---github.com-HumphreyDulo-Kihanya-Mungai-CS1\\public\\index.php')
INFO - 2023-07-16 20:44:47 --> Session: Class initialized using 'CodeIgniter\Session\Handlers\FileHandler' driver.
INFO - 2023-07-16 20:44:49 --> Session: Class initialized using 'CodeIgniter\Session\Handlers\FileHandler' driver.
INFO - 2023-07-16 20:46:45 --> Session: Class initialized using 'CodeIgniter\Session\Handlers\FileHandler' driver.
CRITICAL - 2023-07-16 20:57:01 --> Class "App\Libraries\Mpesa" not found
in APPPATH\Controllers\PaymentController.php on line 21.
 1 SYSTEMPATH\CodeIgniter.php(906): App\Controllers\PaymentController->__construct()
 2 SYSTEMPATH\CodeIgniter.php(490): CodeIgniter\CodeIgniter->createController()
 3 SYSTEMPATH\CodeIgniter.php(368): CodeIgniter\CodeIgniter->handleRequest(null, Object(Config\Cache), false)
 4 FCPATH\index.php(67): CodeIgniter\CodeIgniter->run()
 5 SYSTEMPATH\Commands\Server\rewrite.php(47): require_once('C:\\xampp\\htdocs\\https---github.com-HumphreyDulo-Kihanya-Mungai-CS1\\public\\index.php')
CRITICAL - 2023-07-16 20:57:04 --> Class "App\Libraries\Mpesa" not found
in APPPATH\Controllers\PaymentController.php on line 21.
 1 SYSTEMPATH\CodeIgniter.php(906): App\Controllers\PaymentController->__construct()
 2 SYSTEMPATH\CodeIgniter.php(490): CodeIgniter\CodeIgniter->createController()
 3 SYSTEMPATH\CodeIgniter.php(368): CodeIgniter\CodeIgniter->handleRequest(null, Object(Config\Cache), false)
 4 FCPATH\index.php(67): CodeIgniter\CodeIgniter->run()
 5 SYSTEMPATH\Commands\Server\rewrite.php(47): require_once('C:\\xampp\\htdocs\\https---github.com-HumphreyDulo-Kihanya-Mungai-CS1\\public\\index.php')
CRITICAL - 2023-07-16 20:57:13 --> Class "App\Libraries\Mpesa" not found
in APPPATH\Controllers\PaymentController.php on line 21.
 1 SYSTEMPATH\CodeIgniter.php(906): App\Controllers\PaymentController->__construct()
 2 SYSTEMPATH\CodeIgniter.php(490): CodeIgniter\CodeIgniter->createController()
 3 SYSTEMPATH\CodeIgniter.php(368): CodeIgniter\CodeIgniter->handleRequest(null, Object(Config\Cache), false)
 4 FCPATH\index.php(67): CodeIgniter\CodeIgniter->run()
 5 SYSTEMPATH\Commands\Server\rewrite.php(47): require_once('C:\\xampp\\htdocs\\https---github.com-HumphreyDulo-Kihanya-Mungai-CS1\\public\\index.php')
INFO - 2023-07-16 20:58:07 --> Session: Class initialized using 'CodeIgniter\Session\Handlers\FileHandler' driver.
INFO - 2023-07-16 20:58:12 --> Session: Class initialized using 'CodeIgniter\Session\Handlers\FileHandler' driver.
INFO - 2023-07-16 20:58:14 --> Session: Class initialized using 'CodeIgniter\Session\Handlers\FileHandler' driver.
INFO - 2023-07-16 20:58:24 --> Session: Class initialized using 'CodeIgniter\Session\Handlers\FileHandler' driver.
INFO - 2023-07-16 20:58:39 --> Session: Class initialized using 'CodeIgniter\Session\Handlers\FileHandler' driver.
INFO - 2023-07-16 20:58:49 --> Session: Class initialized using 'CodeIgniter\Session\Handlers\FileHandler' driver.
INFO - 2023-07-16 21:00:18 --> Session: Class initialized using 'CodeIgniter\Session\Handlers\FileHandler' driver.
INFO - 2023-07-16 21:00:19 --> Session: Class initialized using 'CodeIgniter\Session\Handlers\FileHandler' driver.
INFO - 2023-07-16 21:00:30 --> Session: Class initialized using 'CodeIgniter\Session\Handlers\FileHandler' driver.
INFO - 2023-07-16 21:03:57 --> Session: Class initialized using 'CodeIgniter\Session\Handlers\FileHandler' driver.
INFO - 2023-07-16 21:03:59 --> Session: Class initialized using 'CodeIgniter\Session\Handlers\FileHandler' driver.
INFO - 2023-07-16 21:04:02 --> Session: Class initialized using 'CodeIgniter\Session\Handlers\FileHandler' driver.
INFO - 2023-07-16 21:04:04 --> Session: Class initialized using 'CodeIgniter\Session\Handlers\FileHandler' driver.
INFO - 2023-07-16 21:04:14 --> Session: Class initialized using 'CodeIgniter\Session\Handlers\FileHandler' driver.
INFO - 2023-07-16 21:04:22 --> Session: Class initialized using 'CodeIgniter\Session\Handlers\FileHandler' driver.
